Determining if the pthread_create exist failed with the following output:
Change Dir: /home/zh/catkin_ws/src/camera_info_test/cmake-build-debug/CMakeFiles/CMakeTmp

Run Build Command:"/usr/bin/make" "cmTC_fcb20/fast"
/usr/bin/make -f CMakeFiles/cmTC_fcb20.dir/build.make CMakeFiles/cmTC_fcb20.dir/build
make[1]: Entering directory '/home/zh/catkin_ws/src/camera_info_test/cmake-build-debug/CMakeFiles/CMakeTmp'
Building C object CMakeFiles/cmTC_fcb20.dir/CheckSymbolExists.c.o
/usr/bin/cc     -o CMakeFiles/cmTC_fcb20.dir/CheckSymbolExists.c.o   -c /home/zh/catkin_ws/src/camera_info_test/cmake-build-debug/CMakeFiles/CMakeTmp/CheckSymbolExists.c
Linking C executable cmTC_fcb20
/home/zh/softwares/clion-2016.3/bin/cmake/bin/cmake -E cmake_link_script CMakeFiles/cmTC_fcb20.dir/link.txt --verbose=1
/usr/bin/cc       CMakeFiles/cmTC_fcb20.dir/CheckSymbolExists.c.o  -o cmTC_fcb20 -rdynamic 
CMakeFiles/cmTC_fcb20.dir/CheckSymbolExists.c.o: In function `main':
CheckSymbolExists.c:(.text+0x16): undefined reference to `pthread_create'
collect2: error: ld returned 1 exit status
CMakeFiles/cmTC_fcb20.dir/build.make:97: recipe for target 'cmTC_fcb20' failed
make[1]: *** [cmTC_fcb20] Error 1
make[1]: Leaving directory '/home/zh/catkin_ws/src/camera_info_test/cmake-build-debug/CMakeFiles/CMakeTmp'
Makefile:126: recipe for target 'cmTC_fcb20/fast' failed
make: *** [cmTC_fcb20/fast] Error 2

File /home/zh/catkin_ws/src/camera_info_test/cmake-build-debug/CMakeFiles/CMakeTmp/CheckSymbolExists.c:
/* */
#include <pthread.h>

int main(int argc, char** argv)
{
  (void)argv;
#ifndef pthread_create
  return ((int*)(&pthread_create))[argc];
#else
  (void)argc;
  return 0;
#endif
}

Determining if the function pthread_create exists in the pthreads failed with the following output:
Change Dir: /home/zh/catkin_ws/src/camera_info_test/cmake-build-debug/CMakeFiles/CMakeTmp

Run Build Command:"/usr/bin/make" "cmTC_83db2/fast"
/usr/bin/make -f CMakeFiles/cmTC_83db2.dir/build.make CMakeFiles/cmTC_83db2.dir/build
make[1]: Entering directory '/home/zh/catkin_ws/src/camera_info_test/cmake-build-debug/CMakeFiles/CMakeTmp'
Building C object CMakeFiles/cmTC_83db2.dir/CheckFunctionExists.c.o
/usr/bin/cc    -DCHECK_FUNCTION_EXISTS=pthread_create   -o CMakeFiles/cmTC_83db2.dir/CheckFunctionExists.c.o   -c /home/zh/softwares/clion-2016.3/bin/cmake/share/cmake-3.7/Modules/CheckFunctionExists.c
Linking C executable cmTC_83db2
/home/zh/softwares/clion-2016.3/bin/cmake/bin/cmake -E cmake_link_script CMakeFiles/cmTC_83db2.dir/link.txt --verbose=1
/usr/bin/cc   -DCHECK_FUNCTION_EXISTS=pthread_create    CMakeFiles/cmTC_83db2.dir/CheckFunctionExists.c.o  -o cmTC_83db2 -rdynamic -lpthreads 
/usr/bin/ld: cannot find -lpthreads
collect2: error: ld returned 1 exit status
CMakeFiles/cmTC_83db2.dir/build.make:97: recipe for target 'cmTC_83db2' failed
make[1]: *** [cmTC_83db2] Error 1
make[1]: Leaving directory '/home/zh/catkin_ws/src/camera_info_test/cmake-build-debug/CMakeFiles/CMakeTmp'
Makefile:126: recipe for target 'cmTC_83db2/fast' failed
make: *** [cmTC_83db2/fast] Error 2


